2019-03-02 10:22:20 GMT [Alert] EQYfg5(171.97.77.108) : /stop 
2019-03-02 10:55:41 GMT [Alert] Haaf(223.24.166.202) : /op 
2019-03-02 10:55:57 GMT [Alert] Haaf(223.24.166.202) : /op 
2019-03-02 01:29:18 GMT [Notice] CONSOLE : /stop 
2019-03-02 01:35:33 GMT [Notice] CONSOLE : /stop 
2019-03-02 01:36:46 GMT [Notice] CONSOLE : /pl 
2019-03-02 01:36:50 GMT [Notice] CONSOLE : /stop 
2019-03-02 01:45:34 GMT [Notice] CONSOLE : /op BANKRTDV
2019-03-02 01:45:39 GMT [Notice] CONSOLE : /stop 
2019-03-02 02:14:14 GMT [Notice] CONSOLE : /stop 
2019-03-02 02:16:48 GMT [Notice] CONSOLE : /stop 
2019-03-02 02:22:30 GMT [Notice] CONSOLE : /stop 
2019-03-02 02:23:55 GMT [Notice] CONSOLE : /stop 
2019-03-02 02:37:10 GMT [Notice] CONSOLE : /stop 
2019-03-02 02:40:18 GMT [Notice] CONSOLE : /stop 
2019-03-02 02:53:50 GMT [Notice] CONSOLE : /stop 
2019-03-02 04:05:44 GMT [Notice] CONSOLE : /stop 
2019-03-02 04:06:53 GMT [Notice] CONSOLE : /stop 
2019-03-02 04:10:10 GMT [Notice] CONSOLE : /stop 
2019-03-02 04:13:05 GMT [Notice] CONSOLE : /stop 
2019-03-02 06:41:37 GMT [Notice] CONSOLE : /stop 
